<?xml version="1.0" encoding="UTF-8"?>
<testsuite xmlns:xsi="http://www.w3.org/2001/XMLSchema-instance" xsi:noNamespaceSchemaLocation="https://maven.apache.org/surefire/maven-surefire-plugin/xsd/surefire-test-report-3.0.xsd" version="3.0" name="com.acme.multilingual.HelloWorldTest" time="0.068" tests="1" errors="0" skipped="0" failures="0">
  <properties>
[...]
</properties>
  <testcase name="sayHello" classname="com.acme.multilingual.HelloWorldTest" time="0.009">
    <system-out><![CDATA[Hello World!
]]></system-out>
  </testcase>
</testsuite>